<?xml version="1.0" encoding="UTF-8"?>
<!-- Generated by org.testng.reporters.JUnitReportReporter -->
<testsuite hostname="Ahmad" failures="0" tests="1" name="AppiumExamples.Appium_Hardcoded_Examples.AppiumTest" time="0.011" errors="0" timestamp="2024-11-22T23:14:59 EST" skipped="0">
  <testcase classname="AppiumExamples.Appium_Hardcoded_Examples.AppiumTest" name="appiumTesting" time="0.011"/>
</testsuite> <!-- AppiumExamples.Appium_Hardcoded_Examples.AppiumTest -->
